<?xml version="1.0" encoding="UTF-8"?>
<!-- Generated by org.testng.reporters.JUnitXMLReporter -->
<testsuite hostname="MT-PF185WZ2" ignored="0" name="Default test" tests="5" failures="0" timestamp="2021-09-07T18:59:37 IST" time="46.627" errors="0">
  <testcase name="loginTest" time="7.647" classname="Amazon.testCase.TC_LoginTest_001"/>
  <testcase name="SearchProducts" time="8.045" classname="Amazon.testCase.TC_LoginTest_001"/>
  <testcase name="SearchProducts" time="8.311" classname="Amazon.testCase.TC_LoginTest_001"/>
  <testcase name="SearchProducts" time="8.166" classname="Amazon.testCase.TC_LoginTest_001"/>
  <testcase name="SearchProducts" time="7.575" classname="Amazon.testCase.TC_LoginTest_001"/>
</testsuite> <!-- Default test -->
