<?xml version="1.0" encoding="UTF-8"?>
<!-- Generated by org.testng.reporters.JUnitXMLReporter -->
<testsuite hostname="MT-PF185WZ2" ignored="0" name="Amazonlogin Test" tests="5" failures="0" timestamp="2021-09-02T22:55:09 IST" time="38.896" errors="0">
  <testcase name="loginTest" time="6.064" classname="Amazon.testCase.TC_LoginTest_001"/>
  <testcase name="SearchProducts" time="8.039" classname="Amazon.testCase.TC_LoginTest_001"/>
  <testcase name="SearchProducts" time="6.441" classname="Amazon.testCase.TC_LoginTest_001"/>
  <testcase name="SearchProducts" time="6.898" classname="Amazon.testCase.TC_LoginTest_001"/>
  <testcase name="SearchProducts" time="6.879" classname="Amazon.testCase.TC_LoginTest_001"/>
</testsuite> <!-- Amazonlogin Test -->
