<?xml version="1.0" encoding="UTF-8"?>
<testng-results skipped="0" failed="0" ignored="0" total="5" passed="5">
  <reporter-output>
  </reporter-output>
  <suite name="Default suite" duration-ms="46627" started-at="2021-09-07T18:58:50 IST" finished-at="2021-09-07T18:59:37 IST">
    <groups>
    </groups>
    <test name="Default test" duration-ms="46627" started-at="2021-09-07T18:58:50 IST" finished-at="2021-09-07T18:59:37 IST">
      <class name="Amazon.testCase.TC_LoginTest_001">
        <test-method status="PASS" signature="initialize()[pri:0, instance:Amazon.testCase.TC_LoginTest_001@76b10754]" name="initialize" is-config="true" duration-ms="3574" started-at="2021-09-07T18:58:51 IST" finished-at="2021-09-07T18:58:54 IST">
          <reporter-output>
          </reporter-output>
        </test-method> <!-- initialize -->
        <test-method status="PASS" signature="setup()[pri:0, instance:Amazon.testCase.TC_LoginTest_001@76b10754]" name="setup" is-config="true" duration-ms="1471" started-at="2021-09-07T18:58:54 IST" finished-at="2021-09-07T18:58:56 IST">
          <reporter-output>
          </reporter-output>
        </test-method> <!-- setup -->
        <test-method status="PASS" signature="loginTest()[pri:0, instance:Amazon.testCase.TC_LoginTest_001@76b10754]" name="loginTest" duration-ms="7647" started-at="2021-09-07T18:58:56 IST" finished-at="2021-09-07T18:59:03 IST">
          <reporter-output>
          </reporter-output>
        </test-method> <!-- loginTest -->
        <test-method status="PASS" signature="SearchProducts(java.lang.String)[pri:2, instance:Amazon.testCase.TC_LoginTest_001@76b10754]" name="SearchProducts" duration-ms="8045" started-at="2021-09-07T18:59:04 IST" data-provider="getexceldata" finished-at="2021-09-07T18:59:12 IST">
          <params>
            <param index="0">
              <value>
                <![CDATA[Amazon]]>
              </value>
            </param>
          </params>
          <reporter-output>
          </reporter-output>
        </test-method> <!-- SearchProducts -->
        <test-method status="PASS" signature="SearchProducts(java.lang.String)[pri:2, instance:Amazon.testCase.TC_LoginTest_001@76b10754]" name="SearchProducts" duration-ms="8311" started-at="2021-09-07T18:59:12 IST" data-provider="getexceldata" finished-at="2021-09-07T18:59:21 IST">
          <params>
            <param index="0">
              <value>
                <![CDATA[Mobile]]>
              </value>
            </param>
          </params>
          <reporter-output>
          </reporter-output>
        </test-method> <!-- SearchProducts -->
        <test-method status="PASS" signature="SearchProducts(java.lang.String)[pri:2, instance:Amazon.testCase.TC_LoginTest_001@76b10754]" name="SearchProducts" duration-ms="8166" started-at="2021-09-07T18:59:21 IST" data-provider="getexceldata" finished-at="2021-09-07T18:59:29 IST">
          <params>
            <param index="0">
              <value>
                <![CDATA[Watch]]>
              </value>
            </param>
          </params>
          <reporter-output>
          </reporter-output>
        </test-method> <!-- SearchProducts -->
        <test-method status="PASS" signature="SearchProducts(java.lang.String)[pri:2, instance:Amazon.testCase.TC_LoginTest_001@76b10754]" name="SearchProducts" duration-ms="7575" started-at="2021-09-07T18:59:29 IST" data-provider="getexceldata" finished-at="2021-09-07T18:59:36 IST">
          <params>
            <param index="0">
              <value>
                <![CDATA[TV]]>
              </value>
            </param>
          </params>
          <reporter-output>
          </reporter-output>
        </test-method> <!-- SearchProducts -->
        <test-method status="PASS" signature="tearDown()[pri:0, instance:Amazon.testCase.TC_LoginTest_001@76b10754]" name="tearDown" is-config="true" duration-ms="812" started-at="2021-09-07T18:59:36 IST" finished-at="2021-09-07T18:59:37 IST">
          <reporter-output>
          </reporter-output>
        </test-method> <!-- tearDown -->
        <test-method status="PASS" signature="test()[pri:0, instance:Amazon.testCase.TC_LoginTest_001@76b10754]" name="test" is-config="true" duration-ms="4445" started-at="2021-09-07T18:59:37 IST" finished-at="2021-09-07T18:59:42 IST">
          <reporter-output>
          </reporter-output>
        </test-method> <!-- test -->
      </class> <!-- Amazon.testCase.TC_LoginTest_001 -->
    </test> <!-- Default test -->
  </suite> <!-- Default suite -->
</testng-results>
